This file contains any messages produced by compilers while
running configure, to aid debugging if configure makes a mistake.

It was created by pstoedit configure 3.61beta, which was
generated by GNU Autoconf 2.68.  Invocation command line was

  $ ./configure 

## --------- ##
## Platform. ##
## --------- ##

hostname = squeeze
uname -m = i686
uname -r = 2.6.32-5-686
uname -s = Linux
uname -v = #1 SMP Mon Jun 13 04:13:06 UTC 2011

/usr/bin/uname -p = unknown
/bin/uname -X     = unknown

/bin/arch              = unknown
/usr/bin/arch -k       = unknown
/usr/convex/getsysinfo = unknown
/usr/bin/hostinfo      = unknown
/bin/machine           = unknown
/usr/bin/oslevel       = unknown
/bin/universe          = unknown

PATH: /usr/local/bin
PATH: /usr/bin
PATH: /bin
PATH: /usr/local/games
PATH: /usr/games


## ----------- ##
## Core tests. ##
## ----------- ##

configure:2491: checking for a BSD-compatible install
configure:2559: result: /usr/bin/install -c
configure:2570: checking whether build environment is sane
configure:2607: result: yes
configure:2734: checking for a thread-safe mkdir -p
configure:2773: result: /bin/mkdir -p
configure:2786: checking for gawk
configure:2816: result: no
configure:2786: checking for mawk
configure:2802: found /usr/bin/mawk
configure:2813: result: mawk
configure:2824: checking whether make sets $(MAKE)
configure:2846: result: yes
configure:2926: checking whether to enable maintainer-specific portions of Makefiles
configure:2935: result: no
configure:3004: checking for gcc
configure:3020: found /usr/bin/gcc
configure:3031: result: gcc
configure:3260: checking for C compiler version
configure:3269: gcc --version >&5
gcc (Debian 4.4.5-8) 4.4.5
Copyright (C) 2010 Free Software Foundation, Inc.
This is free software; see the source for copying conditions.  There is NO
warranty; not even for MERCHANTABILITY or FITNESS FOR A PARTICULAR PURPOSE.

configure:3280: $? = 0
configure:3269: gcc -v >&5
Using built-in specs.
Target: i486-linux-gnu
Configured with: ../src/configure -v --with-pkgversion='Debian 4.4.5-8' --with-bugurl=file:///usr/share/doc/gcc-4.4/README.Bugs --enable-languages=c,c++,fortran,objc,obj-c++ --prefix=/usr --program-suffix=-4.4 --enable-shared --enable-multiarch --enable-linker-build-id --with-system-zlib --libexecdir=/usr/lib --without-included-gettext --enable-threads=posix --with-gxx-include-dir=/usr/include/c++/4.4 --libdir=/usr/lib --enable-nls --enable-clocale=gnu --enable-libstdcxx-debug --enable-objc-gc --enable-targets=all --with-arch-32=i586 --with-tune=generic --enable-checking=release --build=i486-linux-gnu --host=i486-linux-gnu --target=i486-linux-gnu
Thread model: posix
gcc version 4.4.5 (Debian 4.4.5-8) 
configure:3280: $? = 0
configure:3269: gcc -V >&5
gcc: '-V' option must have argument
configure:3280: $? = 1
configure:3269: gcc -qversion >&5
gcc: unrecognized option '-qversion'
gcc: no input files
configure:3280: $? = 1
configure:3300: checking whether the C compiler works
configure:3322: gcc    conftest.c  >&5
configure:3326: $? = 0
configure:3374: result: yes
configure:3377: checking for C compiler default output file name
configure:3379: result: a.out
configure:3385: checking for suffix of executables
configure:3392: gcc -o conftest    conftest.c  >&5
configure:3396: $? = 0
configure:3418: result: 
configure:3440: checking whether we are cross compiling
configure:3448: gcc -o conftest    conftest.c  >&5
configure:3452: $? = 0
configure:3459: ./conftest
configure:3463: $? = 0
configure:3478: result: no
configure:3483: checking for suffix of object files
configure:3505: gcc -c   conftest.c >&5
configure:3509: $? = 0
configure:3530: result: o
configure:3534: checking whether we are using the GNU C compiler
configure:3553: gcc -c   conftest.c >&5
configure:3553: $? = 0
configure:3562: result: yes
configure:3571: checking whether gcc accepts -g
configure:3591: gcc -c -g  conftest.c >&5
configure:3591: $? = 0
configure:3632: result: yes
configure:3649: checking for gcc option to accept ISO C89
configure:3713: gcc  -c -g -O2  conftest.c >&5
configure:3713: $? = 0
configure:3726: result: none needed
configure:3757: checking for style of include used by make
configure:3785: result: GNU
configure:3810: checking dependency style of gcc
configure:3920: result: gcc3
configure:3993: checking for g++
configure:4009: found /usr/bin/g++
configure:4020: result: g++
configure:4047: checking for C++ compiler version
configure:4056: g++ --version >&5
g++ (Debian 4.4.5-8) 4.4.5
Copyright (C) 2010 Free Software Foundation, Inc.
This is free software; see the source for copying conditions.  There is NO
warranty; not even for MERCHANTABILITY or FITNESS FOR A PARTICULAR PURPOSE.

configure:4067: $? = 0
configure:4056: g++ -v >&5
Using built-in specs.
Target: i486-linux-gnu
Configured with: ../src/configure -v --with-pkgversion='Debian 4.4.5-8' --with-bugurl=file:///usr/share/doc/gcc-4.4/README.Bugs --enable-languages=c,c++,fortran,objc,obj-c++ --prefix=/usr --program-suffix=-4.4 --enable-shared --enable-multiarch --enable-linker-build-id --with-system-zlib --libexecdir=/usr/lib --without-included-gettext --enable-threads=posix --with-gxx-include-dir=/usr/include/c++/4.4 --libdir=/usr/lib --enable-nls --enable-clocale=gnu --enable-libstdcxx-debug --enable-objc-gc --enable-targets=all --with-arch-32=i586 --with-tune=generic --enable-checking=release --build=i486-linux-gnu --host=i486-linux-gnu --target=i486-linux-gnu
Thread model: posix
gcc version 4.4.5 (Debian 4.4.5-8) 
configure:4067: $? = 0
configure:4056: g++ -V >&5
g++: '-V' option must have argument
configure:4067: $? = 1
configure:4056: g++ -qversion >&5
g++: unrecognized option '-qversion'
g++: no input files
configure:4067: $? = 1
configure:4071: checking whether we are using the GNU C++ compiler
configure:4090: g++ -c   conftest.cpp >&5
configure:4090: $? = 0
configure:4099: result: yes
configure:4108: checking whether g++ accepts -g
configure:4128: g++ -c -g  conftest.cpp >&5
configure:4128: $? = 0
configure:4169: result: yes
configure:4194: checking dependency style of g++
configure:4304: result: gcc3
configure:4323: checking for gawk
configure:4350: result: mawk
configure:4365: checking for bison
configure:4395: result: no
configure:4365: checking for byacc
configure:4395: result: no
configure:4441: checking build system type
configure:4455: result: i686-pc-linux
configure:4475: checking host system type
configure:4488: result: i686-pc-linux
configure:4858: checking how to print strings
configure:4885: result: printf
configure:4906: checking for a sed that does not truncate output
configure:4970: result: /bin/sed
configure:4988: checking for grep that handles long lines and -e
configure:5046: result: /bin/grep
configure:5051: checking for egrep
configure:5113: result: /bin/grep -E
configure:5118: checking for fgrep
configure:5180: result: /bin/grep -F
configure:5215: checking for ld used by gcc
configure:5282: result: /usr/bin/ld
configure:5289: checking if the linker (/usr/bin/ld) is GNU ld
configure:5304: result: yes
configure:5316: checking for BSD- or MS-compatible name lister (nm)
configure:5365: result: /usr/bin/nm -B
configure:5495: checking the name lister (/usr/bin/nm -B) interface
configure:5502: g++ -c -g -O2  conftest.cpp >&5
configure:5505: /usr/bin/nm -B "conftest.o"
configure:5508: output
00000000 B some_variable
configure:5515: result: BSD nm
configure:5518: checking whether ln -s works
configure:5522: result: yes
configure:5530: checking the maximum length of command line arguments
configure:5655: result: 1572864
configure:5672: checking whether the shell understands some XSI constructs
configure:5682: result: yes
configure:5686: checking whether the shell understands "+="
configure:5692: result: yes
configure:5727: checking how to convert i686-pc-linux file names to i686-pc-linux format
configure:5767: result: func_convert_file_noop
configure:5774: checking how to convert i686-pc-linux file names to toolchain format
configure:5794: result: func_convert_file_noop
configure:5801: checking for /usr/bin/ld option to reload object files
configure:5808: result: -r
configure:5882: checking for objdump
configure:5909: result: objdump
configure:5938: checking how to recognize dependent libraries
configure:6140: result: pass_all
configure:6225: checking for dlltool
configure:6252: result: dlltool
configure:6282: checking how to associate runtime and link libraries
configure:6309: result: printf %s\n
configure:6370: checking for ar
configure:6386: found /usr/bin/ar
configure:6397: result: ar
configure:6434: checking for archiver @FILE support
configure:6451: g++ -c -g -O2  conftest.cpp >&5
configure:6451: $? = 0
configure:6454: ar cru libconftest.a @conftest.lst >&5
configure:6457: $? = 0
configure:6462: ar cru libconftest.a @conftest.lst >&5
ar: conftest.o: No such file or directory
configure:6465: $? = 1
configure:6477: result: @
configure:6535: checking for strip
configure:6551: found /usr/bin/strip
configure:6562: result: strip
configure:6634: checking for ranlib
configure:6650: found /usr/bin/ranlib
configure:6661: result: ranlib
configure:6763: checking command to parse /usr/bin/nm -B output from gcc object
configure:6882: g++ -c -g -O2  conftest.cpp >&5
configure:6885: $? = 0
configure:6889: /usr/bin/nm -B conftest.o \| sed -n -e 's/^.*[ ]\([ABCDGIRSTW][ABCDGIRSTW]*\)[ ][ ]*\([_A-Za-z][_A-Za-z0-9]*\)$/\1 \2 \2/p' | sed '/ __gnu_lto/d' \> conftest.nm
configure:6892: $? = 0
configure:6958: g++ -o conftest -g -O2   conftest.cpp conftstm.o >&5
configure:6961: $? = 0
configure:6999: result: ok
configure:7036: checking for sysroot
configure:7066: result: no
configure:7310: checking for mt
configure:7326: found /bin/mt
configure:7337: result: mt
configure:7360: checking if mt is a manifest tool
configure:7366: mt '-?'
configure:7374: result: no
configure:8006: checking how to run the C preprocessor
configure:8037: gcc -E  conftest.c
configure:8037: $? = 0
configure:8051: gcc -E  conftest.c
conftest.c:11:28: error: ac_nonexistent.h: No such file or directory
configure:8051: $? = 1
configure: failed program was:
| /* confdefs.h */
| #define PACKAGE_NAME "pstoedit"
| #define PACKAGE_TARNAME "pstoedit"
| #define PACKAGE_VERSION "3.61beta"
| #define PACKAGE_STRING "pstoedit 3.61beta"
| #define PACKAGE_BUGREPORT "wglunz35_AT_pstoedit.net"
| #define PACKAGE_URL ""
| #define PACKAGE "pstoedit"
| #define VERSION "3.61beta"
| /* end confdefs.h.  */
| #include <ac_nonexistent.h>
configure:8076: result: gcc -E
configure:8096: gcc -E  conftest.c
configure:8096: $? = 0
configure:8110: gcc -E  conftest.c
conftest.c:11:28: error: ac_nonexistent.h: No such file or directory
configure:8110: $? = 1
configure: failed program was:
| /* confdefs.h */
| #define PACKAGE_NAME "pstoedit"
| #define PACKAGE_TARNAME "pstoedit"
| #define PACKAGE_VERSION "3.61beta"
| #define PACKAGE_STRING "pstoedit 3.61beta"
| #define PACKAGE_BUGREPORT "wglunz35_AT_pstoedit.net"
| #define PACKAGE_URL ""
| #define PACKAGE "pstoedit"
| #define VERSION "3.61beta"
| /* end confdefs.h.  */
| #include <ac_nonexistent.h>
configure:8139: checking for ANSI C header files
configure:8159: gcc -c -g -O2  conftest.c >&5
configure:8159: $? = 0
configure:8232: gcc -o conftest -g -O2   conftest.c  >&5
configure:8232: $? = 0
configure:8232: ./conftest
configure:8232: $? = 0
configure:8243: result: yes
configure:8256: checking for sys/types.h
configure:8256: gcc -c -g -O2  conftest.c >&5
configure:8256: $? = 0
configure:8256: result: yes
configure:8256: checking for sys/stat.h
configure:8256: gcc -c -g -O2  conftest.c >&5
configure:8256: $? = 0
configure:8256: result: yes
configure:8256: checking for stdlib.h
configure:8256: gcc -c -g -O2  conftest.c >&5
configure:8256: $? = 0
configure:8256: result: yes
configure:8256: checking for string.h
configure:8256: gcc -c -g -O2  conftest.c >&5
configure:8256: $? = 0
configure:8256: result: yes
configure:8256: checking for memory.h
configure:8256: gcc -c -g -O2  conftest.c >&5
configure:8256: $? = 0
configure:8256: result: yes
configure:8256: checking for strings.h
configure:8256: gcc -c -g -O2  conftest.c >&5
configure:8256: $? = 0
configure:8256: result: yes
configure:8256: checking for inttypes.h
configure:8256: gcc -c -g -O2  conftest.c >&5
configure:8256: $? = 0
configure:8256: result: yes
configure:8256: checking for stdint.h
configure:8256: gcc -c -g -O2  conftest.c >&5
configure:8256: $? = 0
configure:8256: result: yes
configure:8256: checking for unistd.h
configure:8256: gcc -c -g -O2  conftest.c >&5
configure:8256: $? = 0
configure:8256: result: yes
configure:8270: checking for dlfcn.h
configure:8270: gcc -c -g -O2  conftest.c >&5
configure:8270: $? = 0
configure:8270: result: yes
configure:8435: checking for objdir
configure:8450: result: .libs
configure:8717: checking if gcc supports -fno-rtti -fno-exceptions
configure:8735: gcc -c -g -O2  -fno-rtti -fno-exceptions conftest.c >&5
cc1: warning: command line option "-fno-rtti" is valid for C++/ObjC++ but not for C
configure:8739: $? = 0
configure:8752: result: no
configure:9062: checking for gcc option to produce PIC
configure:9069: result: -fPIC -DPIC
configure:9077: checking if gcc PIC flag -fPIC -DPIC works
configure:9095: gcc -c -g -O2  -fPIC -DPIC -DPIC conftest.c >&5
configure:9099: $? = 0
configure:9112: result: yes
configure:9141: checking if gcc static flag -static works
configure:9169: result: yes
configure:9184: checking if gcc supports -c -o file.o
configure:9205: gcc -c -g -O2  -o out/conftest2.o conftest.c >&5
configure:9209: $? = 0
configure:9231: result: yes
configure:9239: checking if gcc supports -c -o file.o
configure:9286: result: yes
configure:9319: checking whether the gcc linker (/usr/bin/ld) supports shared libraries
configure:10477: result: yes
configure:10514: checking whether -lc should be explicitly linked in
configure:10522: gcc -c -g -O2  conftest.c >&5
configure:10525: $? = 0
configure:10540: gcc -shared  -fPIC -DPIC conftest.o  -v -Wl,-soname -Wl,conftest -o conftest 2\>\&1 \| /bin/grep  -lc  \>/dev/null 2\>\&1
configure:10543: $? = 0
configure:10557: result: no
configure:10722: checking dynamic linker characteristics
configure:11236: gcc -o conftest -g -O2   -Wl,-rpath -Wl,/foo conftest.c  >&5
configure:11236: $? = 0
configure:11458: result: GNU/Linux ld.so
configure:11565: checking how to hardcode library paths into programs
configure:11590: result: immediate
configure:12130: checking whether stripping libraries is possible
configure:12135: result: yes
configure:12170: checking if libtool supports shared libraries
configure:12172: result: yes
configure:12175: checking whether to build shared libraries
configure:12196: result: yes
configure:12199: checking whether to build static libraries
configure:12203: result: no
configure:12226: checking how to run the C++ preprocessor
configure:12253: g++ -E  conftest.cpp
configure:12253: $? = 0
configure:12267: g++ -E  conftest.cpp
conftest.cpp:23:28: error: ac_nonexistent.h: No such file or directory
configure:12267: $? = 1
configure: failed program was:
| /* confdefs.h */
| #define PACKAGE_NAME "pstoedit"
| #define PACKAGE_TARNAME "pstoedit"
| #define PACKAGE_VERSION "3.61beta"
| #define PACKAGE_STRING "pstoedit 3.61beta"
| #define PACKAGE_BUGREPORT "wglunz35_AT_pstoedit.net"
| #define PACKAGE_URL ""
| #define PACKAGE "pstoedit"
| #define VERSION "3.61beta"
| #define STDC_HEADERS 1
| #define HAVE_SYS_TYPES_H 1
| #define HAVE_SYS_STAT_H 1
| #define HAVE_STDLIB_H 1
| #define HAVE_STRING_H 1
| #define HAVE_MEMORY_H 1
| #define HAVE_STRINGS_H 1
| #define HAVE_INTTYPES_H 1
| #define HAVE_STDINT_H 1
| #define HAVE_UNISTD_H 1
| #define HAVE_DLFCN_H 1
| #define LT_OBJDIR ".libs/"
| /* end confdefs.h.  */
| #include <ac_nonexistent.h>
configure:12292: result: g++ -E
configure:12312: g++ -E  conftest.cpp
configure:12312: $? = 0
configure:12326: g++ -E  conftest.cpp
conftest.cpp:23:28: error: ac_nonexistent.h: No such file or directory
configure:12326: $? = 1
configure: failed program was:
| /* confdefs.h */
| #define PACKAGE_NAME "pstoedit"
| #define PACKAGE_TARNAME "pstoedit"
| #define PACKAGE_VERSION "3.61beta"
| #define PACKAGE_STRING "pstoedit 3.61beta"
| #define PACKAGE_BUGREPORT "wglunz35_AT_pstoedit.net"
| #define PACKAGE_URL ""
| #define PACKAGE "pstoedit"
| #define VERSION "3.61beta"
| #define STDC_HEADERS 1
| #define HAVE_SYS_TYPES_H 1
| #define HAVE_SYS_STAT_H 1
| #define HAVE_STDLIB_H 1
| #define HAVE_STRING_H 1
| #define HAVE_MEMORY_H 1
| #define HAVE_STRINGS_H 1
| #define HAVE_INTTYPES_H 1
| #define HAVE_STDINT_H 1
| #define HAVE_UNISTD_H 1
| #define HAVE_DLFCN_H 1
| #define LT_OBJDIR ".libs/"
| /* end confdefs.h.  */
| #include <ac_nonexistent.h>
configure:12496: checking for ld used by g++
configure:12563: result: /usr/bin/ld
configure:12570: checking if the linker (/usr/bin/ld) is GNU ld
configure:12585: result: yes
configure:12640: checking whether the g++ linker (/usr/bin/ld) supports shared libraries
configure:13644: result: yes
configure:13679: g++ -c -g -O2  conftest.cpp >&5
configure:13682: $? = 0
configure:14202: checking for g++ option to produce PIC
configure:14209: result: -fPIC -DPIC
configure:14217: checking if g++ PIC flag -fPIC -DPIC works
configure:14235: g++ -c -g -O2  -fPIC -DPIC -DPIC conftest.cpp >&5
configure:14239: $? = 0
configure:14252: result: yes
configure:14275: checking if g++ static flag -static works
configure:14303: result: yes
configure:14315: checking if g++ supports -c -o file.o
configure:14336: g++ -c -g -O2  -o out/conftest2.o conftest.cpp >&5
configure:14340: $? = 0
configure:14362: result: yes
configure:14367: checking if g++ supports -c -o file.o
configure:14414: result: yes
configure:14444: checking whether the g++ linker (/usr/bin/ld) supports shared libraries
configure:14478: result: yes
configure:14621: checking dynamic linker characteristics
configure:15291: result: GNU/Linux ld.so
configure:15344: checking how to hardcode library paths into programs
configure:15369: result: immediate
configure:15428: checking whether make sets $(MAKE)
configure:15450: result: yes
configure:15467: checking for gs
configure:15485: found /usr/bin/gs
configure:15497: result: /usr/bin/gs
configure:15564: checking for pkg-config
configure:15597: result: no
configure:15633: checking whether byte ordering is bigendian
configure:15648: g++ -c -g -O2  conftest.cpp >&5
conftest.cpp:24: error: expected unqualified-id before '!' token
configure:15648: $? = 1
configure: failed program was:
| /* confdefs.h */
| #define PACKAGE_NAME "pstoedit"
| #define PACKAGE_TARNAME "pstoedit"
| #define PACKAGE_VERSION "3.61beta"
| #define PACKAGE_STRING "pstoedit 3.61beta"
| #define PACKAGE_BUGREPORT "wglunz35_AT_pstoedit.net"
| #define PACKAGE_URL ""
| #define PACKAGE "pstoedit"
| #define VERSION "3.61beta"
| #define STDC_HEADERS 1
| #define HAVE_SYS_TYPES_H 1
| #define HAVE_SYS_STAT_H 1
| #define HAVE_STDLIB_H 1
| #define HAVE_STRING_H 1
| #define HAVE_MEMORY_H 1
| #define HAVE_STRINGS_H 1
| #define HAVE_INTTYPES_H 1
| #define HAVE_STDINT_H 1
| #define HAVE_UNISTD_H 1
| #define HAVE_DLFCN_H 1
| #define LT_OBJDIR ".libs/"
| /* end confdefs.h.  */
| #ifndef __APPLE_CC__
| 	       not a universal capable compiler
| 	     #endif
| 	     typedef int dummy;
| 
configure:15693: g++ -c -g -O2  conftest.cpp >&5
configure:15693: $? = 0
configure:15711: g++ -c -g -O2  conftest.cpp >&5
conftest.cpp: In function 'int main()':
conftest.cpp:30: error: 'big' was not declared in this scope
conftest.cpp:30: error: expected ';' before 'endian'
configure:15711: $? = 1
configure: failed program was:
| /* confdefs.h */
| #define PACKAGE_NAME "pstoedit"
| #define PACKAGE_TARNAME "pstoedit"
| #define PACKAGE_VERSION "3.61beta"
| #define PACKAGE_STRING "pstoedit 3.61beta"
| #define PACKAGE_BUGREPORT "wglunz35_AT_pstoedit.net"
| #define PACKAGE_URL ""
| #define PACKAGE "pstoedit"
| #define VERSION "3.61beta"
| #define STDC_HEADERS 1
| #define HAVE_SYS_TYPES_H 1
| #define HAVE_SYS_STAT_H 1
| #define HAVE_STDLIB_H 1
| #define HAVE_STRING_H 1
| #define HAVE_MEMORY_H 1
| #define HAVE_STRINGS_H 1
| #define HAVE_INTTYPES_H 1
| #define HAVE_STDINT_H 1
| #define HAVE_UNISTD_H 1
| #define HAVE_DLFCN_H 1
| #define LT_OBJDIR ".libs/"
| /* end confdefs.h.  */
| #include <sys/types.h>
| 		#include <sys/param.h>
| 
| int
| main ()
| {
| #if BYTE_ORDER != BIG_ENDIAN
| 		 not big endian
| 		#endif
| 
|   ;
|   return 0;
| }
configure:15839: result: no
configure:15860: checking for dirent.h that defines DIR
configure:15879: g++ -c -g -O2  -D_LITTLE_ENDIAN conftest.cpp >&5
configure:15879: $? = 0
configure:15887: result: yes
configure:15900: checking for library containing opendir
configure:15931: g++ -o conftest -g -O2  -D_LITTLE_ENDIAN  conftest.cpp  >&5
configure:15931: $? = 0
configure:15948: result: none required
configure:16018: checking for main in -ldl
configure:16037: g++ -o conftest -g -O2  -D_LITTLE_ENDIAN  conftest.cpp -ldl   >&5
configure:16037: $? = 0
configure:16046: result: yes
configure:16057: checking for gdImageCreateFromPng in -lgd
configure:16082: g++ -o conftest -g -O2  -D_LITTLE_ENDIAN  conftest.cpp -lgd   >&5
/usr/bin/ld: cannot find -lgd
collect2: ld returned 1 exit status
configure:16082: $? = 1
configure: failed program was:
| /* confdefs.h */
| #define PACKAGE_NAME "pstoedit"
| #define PACKAGE_TARNAME "pstoedit"
| #define PACKAGE_VERSION "3.61beta"
| #define PACKAGE_STRING "pstoedit 3.61beta"
| #define PACKAGE_BUGREPORT "wglunz35_AT_pstoedit.net"
| #define PACKAGE_URL ""
| #define PACKAGE "pstoedit"
| #define VERSION "3.61beta"
| #define STDC_HEADERS 1
| #define HAVE_SYS_TYPES_H 1
| #define HAVE_SYS_STAT_H 1
| #define HAVE_STDLIB_H 1
| #define HAVE_STRING_H 1
| #define HAVE_MEMORY_H 1
| #define HAVE_STRINGS_H 1
| #define HAVE_INTTYPES_H 1
| #define HAVE_STDINT_H 1
| #define HAVE_UNISTD_H 1
| #define HAVE_DLFCN_H 1
| #define LT_OBJDIR ".libs/"
| #define HAVE_DIRENT_H 1
| /* end confdefs.h.  */
| 
| /* Override any GCC internal prototype to avoid an error.
|    Use char because int might match the return type of a GCC
|    builtin and then its argument prototype would still apply.  */
| #ifdef __cplusplus
| extern "C"
| #endif
| char gdImageCreateFromPng ();
| int
| main ()
| {
| return gdImageCreateFromPng ();
|   ;
|   return 0;
| }
configure:16091: result: no
configure:16168: checking for main in -lplotter
configure:16187: g++ -o conftest -g -O2  -D_LITTLE_ENDIAN -DX_DISPLAY_MISSING  conftest.cpp -lplotter   >&5
/usr/bin/ld: cannot find -lplotter
collect2: ld returned 1 exit status
configure:16187: $? = 1
configure: failed program was:
| /* confdefs.h */
| #define PACKAGE_NAME "pstoedit"
| #define PACKAGE_TARNAME "pstoedit"
| #define PACKAGE_VERSION "3.61beta"
| #define PACKAGE_STRING "pstoedit 3.61beta"
| #define PACKAGE_BUGREPORT "wglunz35_AT_pstoedit.net"
| #define PACKAGE_URL ""
| #define PACKAGE "pstoedit"
| #define VERSION "3.61beta"
| #define STDC_HEADERS 1
| #define HAVE_SYS_TYPES_H 1
| #define HAVE_SYS_STAT_H 1
| #define HAVE_STDLIB_H 1
| #define HAVE_STRING_H 1
| #define HAVE_MEMORY_H 1
| #define HAVE_STRINGS_H 1
| #define HAVE_INTTYPES_H 1
| #define HAVE_STDINT_H 1
| #define HAVE_UNISTD_H 1
| #define HAVE_DLFCN_H 1
| #define LT_OBJDIR ".libs/"
| #define HAVE_DIRENT_H 1
| /* end confdefs.h.  */
| 
| 
| int
| main ()
| {
| return main ();
|   ;
|   return 0;
| }
configure:16196: result: no
configure:16203: checking plotter.h usability
configure:16203: g++ -c -g -O2  -D_LITTLE_ENDIAN -DX_DISPLAY_MISSING conftest.cpp >&5
conftest.cpp:57:21: error: plotter.h: No such file or directory
configure:16203: $? = 1
configure: failed program was:
| /* confdefs.h */
| #define PACKAGE_NAME "pstoedit"
| #define PACKAGE_TARNAME "pstoedit"
| #define PACKAGE_VERSION "3.61beta"
| #define PACKAGE_STRING "pstoedit 3.61beta"
| #define PACKAGE_BUGREPORT "wglunz35_AT_pstoedit.net"
| #define PACKAGE_URL ""
| #define PACKAGE "pstoedit"
| #define VERSION "3.61beta"
| #define STDC_HEADERS 1
| #define HAVE_SYS_TYPES_H 1
| #define HAVE_SYS_STAT_H 1
| #define HAVE_STDLIB_H 1
| #define HAVE_STRING_H 1
| #define HAVE_MEMORY_H 1
| #define HAVE_STRINGS_H 1
| #define HAVE_INTTYPES_H 1
| #define HAVE_STDINT_H 1
| #define HAVE_UNISTD_H 1
| #define HAVE_DLFCN_H 1
| #define LT_OBJDIR ".libs/"
| #define HAVE_DIRENT_H 1
| /* end confdefs.h.  */
| #include <stdio.h>
| #ifdef HAVE_SYS_TYPES_H
| # include <sys/types.h>
| #endif
| #ifdef HAVE_SYS_STAT_H
| # include <sys/stat.h>
| #endif
| #ifdef STDC_HEADERS
| # include <stdlib.h>
| # include <stddef.h>
| #else
| # ifdef HAVE_STDLIB_H
| #  include <stdlib.h>
| # endif
| #endif
| #ifdef HAVE_STRING_H
| # if !defined STDC_HEADERS && defined HAVE_MEMORY_H
| #  include <memory.h>
| # endif
| # include <string.h>
| #endif
| #ifdef HAVE_STRINGS_H
| # include <strings.h>
| #endif
| #ifdef HAVE_INTTYPES_H
| # include <inttypes.h>
| #endif
| #ifdef HAVE_STDINT_H
| # include <stdint.h>
| #endif
| #ifdef HAVE_UNISTD_H
| # include <unistd.h>
| #endif
| #include <plotter.h>
configure:16203: result: no
configure:16203: checking plotter.h presence
configure:16203: g++ -E  -D_LITTLE_ENDIAN -DX_DISPLAY_MISSING conftest.cpp
conftest.cpp:24:21: error: plotter.h: No such file or directory
configure:16203: $? = 1
configure: failed program was:
| /* confdefs.h */
| #define PACKAGE_NAME "pstoedit"
| #define PACKAGE_TARNAME "pstoedit"
| #define PACKAGE_VERSION "3.61beta"
| #define PACKAGE_STRING "pstoedit 3.61beta"
| #define PACKAGE_BUGREPORT "wglunz35_AT_pstoedit.net"
| #define PACKAGE_URL ""
| #define PACKAGE "pstoedit"
| #define VERSION "3.61beta"
| #define STDC_HEADERS 1
| #define HAVE_SYS_TYPES_H 1
| #define HAVE_SYS_STAT_H 1
| #define HAVE_STDLIB_H 1
| #define HAVE_STRING_H 1
| #define HAVE_MEMORY_H 1
| #define HAVE_STRINGS_H 1
| #define HAVE_INTTYPES_H 1
| #define HAVE_STDINT_H 1
| #define HAVE_UNISTD_H 1
| #define HAVE_DLFCN_H 1
| #define LT_OBJDIR ".libs/"
| #define HAVE_DIRENT_H 1
| /* end confdefs.h.  */
| #include <plotter.h>
configure:16203: result: no
configure:16203: checking for plotter.h
configure:16203: result: no
configure:16240: WARNING: ** libplotter driver is disabled.
configure:16272: checking for mkstemp
configure:16287: g++ -c -g -O2  -D_LITTLE_ENDIAN conftest.cpp >&5
configure:16287: $? = 0
configure:16290: result: you seem to have mkstemp 
configure:16307: checking for main in -lming
configure:16326: g++ -o conftest -g -O2  -D_LITTLE_ENDIAN  conftest.cpp -lming -lm  >&5
/usr/bin/ld: cannot find -lming
collect2: ld returned 1 exit status
configure:16326: $? = 1
configure: failed program was:
| /* confdefs.h */
| #define PACKAGE_NAME "pstoedit"
| #define PACKAGE_TARNAME "pstoedit"
| #define PACKAGE_VERSION "3.61beta"
| #define PACKAGE_STRING "pstoedit 3.61beta"
| #define PACKAGE_BUGREPORT "wglunz35_AT_pstoedit.net"
| #define PACKAGE_URL ""
| #define PACKAGE "pstoedit"
| #define VERSION "3.61beta"
| #define STDC_HEADERS 1
| #define HAVE_SYS_TYPES_H 1
| #define HAVE_SYS_STAT_H 1
| #define HAVE_STDLIB_H 1
| #define HAVE_STRING_H 1
| #define HAVE_MEMORY_H 1
| #define HAVE_STRINGS_H 1
| #define HAVE_INTTYPES_H 1
| #define HAVE_STDINT_H 1
| #define HAVE_UNISTD_H 1
| #define HAVE_DLFCN_H 1
| #define LT_OBJDIR ".libs/"
| #define HAVE_DIRENT_H 1
| /* end confdefs.h.  */
| 
| 
| int
| main ()
| {
| return main ();
|   ;
|   return 0;
| }
configure:16335: result: no
configure:16341: checking mingpp.h usability
configure:16341: g++ -c -g -O2  -D_LITTLE_ENDIAN conftest.cpp >&5
conftest.cpp:57:20: error: mingpp.h: No such file or directory
configure:16341: $? = 1
configure: failed program was:
| /* confdefs.h */
| #define PACKAGE_NAME "pstoedit"
| #define PACKAGE_TARNAME "pstoedit"
| #define PACKAGE_VERSION "3.61beta"
| #define PACKAGE_STRING "pstoedit 3.61beta"
| #define PACKAGE_BUGREPORT "wglunz35_AT_pstoedit.net"
| #define PACKAGE_URL ""
| #define PACKAGE "pstoedit"
| #define VERSION "3.61beta"
| #define STDC_HEADERS 1
| #define HAVE_SYS_TYPES_H 1
| #define HAVE_SYS_STAT_H 1
| #define HAVE_STDLIB_H 1
| #define HAVE_STRING_H 1
| #define HAVE_MEMORY_H 1
| #define HAVE_STRINGS_H 1
| #define HAVE_INTTYPES_H 1
| #define HAVE_STDINT_H 1
| #define HAVE_UNISTD_H 1
| #define HAVE_DLFCN_H 1
| #define LT_OBJDIR ".libs/"
| #define HAVE_DIRENT_H 1
| /* end confdefs.h.  */
| #include <stdio.h>
| #ifdef HAVE_SYS_TYPES_H
| # include <sys/types.h>
| #endif
| #ifdef HAVE_SYS_STAT_H
| # include <sys/stat.h>
| #endif
| #ifdef STDC_HEADERS
| # include <stdlib.h>
| # include <stddef.h>
| #else
| # ifdef HAVE_STDLIB_H
| #  include <stdlib.h>
| # endif
| #endif
| #ifdef HAVE_STRING_H
| # if !defined STDC_HEADERS && defined HAVE_MEMORY_H
| #  include <memory.h>
| # endif
| # include <string.h>
| #endif
| #ifdef HAVE_STRINGS_H
| # include <strings.h>
| #endif
| #ifdef HAVE_INTTYPES_H
| # include <inttypes.h>
| #endif
| #ifdef HAVE_STDINT_H
| # include <stdint.h>
| #endif
| #ifdef HAVE_UNISTD_H
| # include <unistd.h>
| #endif
| #include <mingpp.h>
configure:16341: result: no
configure:16341: checking mingpp.h presence
configure:16341: g++ -E  -D_LITTLE_ENDIAN conftest.cpp
conftest.cpp:24:20: error: mingpp.h: No such file or directory
configure:16341: $? = 1
configure: failed program was:
| /* confdefs.h */
| #define PACKAGE_NAME "pstoedit"
| #define PACKAGE_TARNAME "pstoedit"
| #define PACKAGE_VERSION "3.61beta"
| #define PACKAGE_STRING "pstoedit 3.61beta"
| #define PACKAGE_BUGREPORT "wglunz35_AT_pstoedit.net"
| #define PACKAGE_URL ""
| #define PACKAGE "pstoedit"
| #define VERSION "3.61beta"
| #define STDC_HEADERS 1
| #define HAVE_SYS_TYPES_H 1
| #define HAVE_SYS_STAT_H 1
| #define HAVE_STDLIB_H 1
| #define HAVE_STRING_H 1
| #define HAVE_MEMORY_H 1
| #define HAVE_STRINGS_H 1
| #define HAVE_INTTYPES_H 1
| #define HAVE_STDINT_H 1
| #define HAVE_UNISTD_H 1
| #define HAVE_DLFCN_H 1
| #define LT_OBJDIR ".libs/"
| #define HAVE_DIRENT_H 1
| /* end confdefs.h.  */
| #include <mingpp.h>
configure:16341: result: no
configure:16341: checking for mingpp.h
configure:16341: result: no
configure:16358: WARNING: ** libming driver is disabled.
configure:16395: checking for gcc version
configure:16402: result: gcc (Debian 4.4.5-8) 4.4.5 Copyright (C) 2010 Free Software Foundation, Inc. This is free software; see the source for copying conditions. There is NO warranty; not even for MERCHANTABILITY or FITNESS FOR A PARTICULAR PURPOSE..gcc (Debian 4.4.5-8) 4.4.5 Copyright (C) 2010 Free Software Foundation, Inc. This is free software; see the source for copying conditions. There is NO warranty; not even for MERCHANTABILITY or FITNESS FOR A PARTICULAR PURPOSE.
configure:16492: checking for Magick++-config
configure:16525: result: no
configure:16569: WARNING: ** libMagick++ driver is disabled.
configure:16672: checking for main in -lEMF
configure:16691: g++ -o conftest -g -O2  -D_LITTLE_ENDIAN  conftest.cpp -lEMF -lm  >&5
/usr/bin/ld: cannot find -lEMF
collect2: ld returned 1 exit status
configure:16691: $? = 1
configure: failed program was:
| /* confdefs.h */
| #define PACKAGE_NAME "pstoedit"
| #define PACKAGE_TARNAME "pstoedit"
| #define PACKAGE_VERSION "3.61beta"
| #define PACKAGE_STRING "pstoedit 3.61beta"
| #define PACKAGE_BUGREPORT "wglunz35_AT_pstoedit.net"
| #define PACKAGE_URL ""
| #define PACKAGE "pstoedit"
| #define VERSION "3.61beta"
| #define STDC_HEADERS 1
| #define HAVE_SYS_TYPES_H 1
| #define HAVE_SYS_STAT_H 1
| #define HAVE_STDLIB_H 1
| #define HAVE_STRING_H 1
| #define HAVE_MEMORY_H 1
| #define HAVE_STRINGS_H 1
| #define HAVE_INTTYPES_H 1
| #define HAVE_STDINT_H 1
| #define HAVE_UNISTD_H 1
| #define HAVE_DLFCN_H 1
| #define LT_OBJDIR ".libs/"
| #define HAVE_DIRENT_H 1
| /* end confdefs.h.  */
| 
| 
| int
| main ()
| {
| return main ();
|   ;
|   return 0;
| }
configure:16700: result: no
configure:16711: WARNING: ** Cannot find libEMF. libEMF supports are disabled.
configure:16720: checking emf.h usability
configure:16720: g++ -c -g -O2  -D_LITTLE_ENDIAN conftest.cpp >&5
conftest.cpp:57:17: error: emf.h: No such file or directory
configure:16720: $? = 1
configure: failed program was:
| /* confdefs.h */
| #define PACKAGE_NAME "pstoedit"
| #define PACKAGE_TARNAME "pstoedit"
| #define PACKAGE_VERSION "3.61beta"
| #define PACKAGE_STRING "pstoedit 3.61beta"
| #define PACKAGE_BUGREPORT "wglunz35_AT_pstoedit.net"
| #define PACKAGE_URL ""
| #define PACKAGE "pstoedit"
| #define VERSION "3.61beta"
| #define STDC_HEADERS 1
| #define HAVE_SYS_TYPES_H 1
| #define HAVE_SYS_STAT_H 1
| #define HAVE_STDLIB_H 1
| #define HAVE_STRING_H 1
| #define HAVE_MEMORY_H 1
| #define HAVE_STRINGS_H 1
| #define HAVE_INTTYPES_H 1
| #define HAVE_STDINT_H 1
| #define HAVE_UNISTD_H 1
| #define HAVE_DLFCN_H 1
| #define LT_OBJDIR ".libs/"
| #define HAVE_DIRENT_H 1
| /* end confdefs.h.  */
| #include <stdio.h>
| #ifdef HAVE_SYS_TYPES_H
| # include <sys/types.h>
| #endif
| #ifdef HAVE_SYS_STAT_H
| # include <sys/stat.h>
| #endif
| #ifdef STDC_HEADERS
| # include <stdlib.h>
| # include <stddef.h>
| #else
| # ifdef HAVE_STDLIB_H
| #  include <stdlib.h>
| # endif
| #endif
| #ifdef HAVE_STRING_H
| # if !defined STDC_HEADERS && defined HAVE_MEMORY_H
| #  include <memory.h>
| # endif
| # include <string.h>
| #endif
| #ifdef HAVE_STRINGS_H
| # include <strings.h>
| #endif
| #ifdef HAVE_INTTYPES_H
| # include <inttypes.h>
| #endif
| #ifdef HAVE_STDINT_H
| # include <stdint.h>
| #endif
| #ifdef HAVE_UNISTD_H
| # include <unistd.h>
| #endif
| #include <emf.h>
configure:16720: result: no
configure:16720: checking emf.h presence
configure:16720: g++ -E  -D_LITTLE_ENDIAN conftest.cpp
conftest.cpp:24:17: error: emf.h: No such file or directory
configure:16720: $? = 1
configure: failed program was:
| /* confdefs.h */
| #define PACKAGE_NAME "pstoedit"
| #define PACKAGE_TARNAME "pstoedit"
| #define PACKAGE_VERSION "3.61beta"
| #define PACKAGE_STRING "pstoedit 3.61beta"
| #define PACKAGE_BUGREPORT "wglunz35_AT_pstoedit.net"
| #define PACKAGE_URL ""
| #define PACKAGE "pstoedit"
| #define VERSION "3.61beta"
| #define STDC_HEADERS 1
| #define HAVE_SYS_TYPES_H 1
| #define HAVE_SYS_STAT_H 1
| #define HAVE_STDLIB_H 1
| #define HAVE_STRING_H 1
| #define HAVE_MEMORY_H 1
| #define HAVE_STRINGS_H 1
| #define HAVE_INTTYPES_H 1
| #define HAVE_STDINT_H 1
| #define HAVE_UNISTD_H 1
| #define HAVE_DLFCN_H 1
| #define LT_OBJDIR ".libs/"
| #define HAVE_DIRENT_H 1
| /* end confdefs.h.  */
| #include <emf.h>
configure:16720: result: no
configure:16720: checking for emf.h
configure:16720: result: no
configure:16726: checking libEMF/emf.h usability
configure:16726: g++ -c -g -O2  -D_LITTLE_ENDIAN conftest.cpp >&5
conftest.cpp:57:24: error: libEMF/emf.h: No such file or directory
configure:16726: $? = 1
configure: failed program was:
| /* confdefs.h */
| #define PACKAGE_NAME "pstoedit"
| #define PACKAGE_TARNAME "pstoedit"
| #define PACKAGE_VERSION "3.61beta"
| #define PACKAGE_STRING "pstoedit 3.61beta"
| #define PACKAGE_BUGREPORT "wglunz35_AT_pstoedit.net"
| #define PACKAGE_URL ""
| #define PACKAGE "pstoedit"
| #define VERSION "3.61beta"
| #define STDC_HEADERS 1
| #define HAVE_SYS_TYPES_H 1
| #define HAVE_SYS_STAT_H 1
| #define HAVE_STDLIB_H 1
| #define HAVE_STRING_H 1
| #define HAVE_MEMORY_H 1
| #define HAVE_STRINGS_H 1
| #define HAVE_INTTYPES_H 1
| #define HAVE_STDINT_H 1
| #define HAVE_UNISTD_H 1
| #define HAVE_DLFCN_H 1
| #define LT_OBJDIR ".libs/"
| #define HAVE_DIRENT_H 1
| /* end confdefs.h.  */
| #include <stdio.h>
| #ifdef HAVE_SYS_TYPES_H
| # include <sys/types.h>
| #endif
| #ifdef HAVE_SYS_STAT_H
| # include <sys/stat.h>
| #endif
| #ifdef STDC_HEADERS
| # include <stdlib.h>
| # include <stddef.h>
| #else
| # ifdef HAVE_STDLIB_H
| #  include <stdlib.h>
| # endif
| #endif
| #ifdef HAVE_STRING_H
| # if !defined STDC_HEADERS && defined HAVE_MEMORY_H
| #  include <memory.h>
| # endif
| # include <string.h>
| #endif
| #ifdef HAVE_STRINGS_H
| # include <strings.h>
| #endif
| #ifdef HAVE_INTTYPES_H
| # include <inttypes.h>
| #endif
| #ifdef HAVE_STDINT_H
| # include <stdint.h>
| #endif
| #ifdef HAVE_UNISTD_H
| # include <unistd.h>
| #endif
| #include <libEMF/emf.h>
configure:16726: result: no
configure:16726: checking libEMF/emf.h presence
configure:16726: g++ -E  -D_LITTLE_ENDIAN conftest.cpp
conftest.cpp:24:24: error: libEMF/emf.h: No such file or directory
configure:16726: $? = 1
configure: failed program was:
| /* confdefs.h */
| #define PACKAGE_NAME "pstoedit"
| #define PACKAGE_TARNAME "pstoedit"
| #define PACKAGE_VERSION "3.61beta"
| #define PACKAGE_STRING "pstoedit 3.61beta"
| #define PACKAGE_BUGREPORT "wglunz35_AT_pstoedit.net"
| #define PACKAGE_URL ""
| #define PACKAGE "pstoedit"
| #define VERSION "3.61beta"
| #define STDC_HEADERS 1
| #define HAVE_SYS_TYPES_H 1
| #define HAVE_SYS_STAT_H 1
| #define HAVE_STDLIB_H 1
| #define HAVE_STRING_H 1
| #define HAVE_MEMORY_H 1
| #define HAVE_STRINGS_H 1
| #define HAVE_INTTYPES_H 1
| #define HAVE_STDINT_H 1
| #define HAVE_UNISTD_H 1
| #define HAVE_DLFCN_H 1
| #define LT_OBJDIR ".libs/"
| #define HAVE_DIRENT_H 1
| /* end confdefs.h.  */
| #include <libEMF/emf.h>
configure:16726: result: no
configure:16726: checking for libEMF/emf.h
configure:16726: result: no
configure:16737: WARNING: ** Cannot find emf.h. libEMF supports are disabled.
configure:16788: checking See if we have libpng and zlib
configure:16802: g++ -c -g -O2  -D_LITTLE_ENDIAN conftest.cpp >&5
conftest.cpp:24:17: error: png.h: No such file or directory
conftest.cpp:25: error: 'PNG_TRANSFORM_IDENTITY' was not declared in this scope
configure:16802: $? = 1
configure: failed program was:
| /* confdefs.h */
| #define PACKAGE_NAME "pstoedit"
| #define PACKAGE_TARNAME "pstoedit"
| #define PACKAGE_VERSION "3.61beta"
| #define PACKAGE_STRING "pstoedit 3.61beta"
| #define PACKAGE_BUGREPORT "wglunz35_AT_pstoedit.net"
| #define PACKAGE_URL ""
| #define PACKAGE "pstoedit"
| #define VERSION "3.61beta"
| #define STDC_HEADERS 1
| #define HAVE_SYS_TYPES_H 1
| #define HAVE_SYS_STAT_H 1
| #define HAVE_STDLIB_H 1
| #define HAVE_STRING_H 1
| #define HAVE_MEMORY_H 1
| #define HAVE_STRINGS_H 1
| #define HAVE_INTTYPES_H 1
| #define HAVE_STDINT_H 1
| #define HAVE_UNISTD_H 1
| #define HAVE_DLFCN_H 1
| #define LT_OBJDIR ".libs/"
| #define HAVE_DIRENT_H 1
| /* end confdefs.h.  */
| #include <png.h>
| 	 	 int i = PNG_TRANSFORM_IDENTITY;
| int
| main ()
| {
| 
|   ;
|   return 0;
| }
configure:16809: result: you either have no libpng or an old version - 1.0.8 should be ok.
configure:16825: checking for built-in "bool" datatype
configure:16838: g++ -c -g -O2  -D_LITTLE_ENDIAN conftest.cpp >&5
configure:16838: $? = 0
configure:16839: result: yes
configure:16847: checking C++ compiler model
configure:16859: result: GNU
configure:16901: checking for main in -lg++
configure:16920: g++ -o conftest -g -O2 -DINTERNALBOOL  -D_LITTLE_ENDIAN  conftest.cpp -lg++   >&5
/usr/bin/ld: cannot find -lg++
collect2: ld returned 1 exit status
configure:16920: $? = 1
configure: failed program was:
| /* confdefs.h */
| #define PACKAGE_NAME "pstoedit"
| #define PACKAGE_TARNAME "pstoedit"
| #define PACKAGE_VERSION "3.61beta"
| #define PACKAGE_STRING "pstoedit 3.61beta"
| #define PACKAGE_BUGREPORT "wglunz35_AT_pstoedit.net"
| #define PACKAGE_URL ""
| #define PACKAGE "pstoedit"
| #define VERSION "3.61beta"
| #define STDC_HEADERS 1
| #define HAVE_SYS_TYPES_H 1
| #define HAVE_SYS_STAT_H 1
| #define HAVE_STDLIB_H 1
| #define HAVE_STRING_H 1
| #define HAVE_MEMORY_H 1
| #define HAVE_STRINGS_H 1
| #define HAVE_INTTYPES_H 1
| #define HAVE_STDINT_H 1
| #define HAVE_UNISTD_H 1
| #define HAVE_DLFCN_H 1
| #define LT_OBJDIR ".libs/"
| #define HAVE_DIRENT_H 1
| /* end confdefs.h.  */
| 
| 
| int
| main ()
| {
| return main ();
|   ;
|   return 0;
| }
configure:16929: result: no
configure:16935: checking for main in -lstdc++
configure:16954: g++ -o conftest -g -O2 -DINTERNALBOOL  -D_LITTLE_ENDIAN  conftest.cpp -lstdc++   >&5
configure:16954: $? = 0
configure:16963: result: yes
configure:17167: creating ./config.status

## ---------------------- ##
## Running config.status. ##
## ---------------------- ##

This file was extended by pstoedit config.status 3.61beta, which was
generated by GNU Autoconf 2.68.  Invocation command line was

  CONFIG_FILES    = 
  CONFIG_HEADERS  = 
  CONFIG_LINKS    = 
  CONFIG_COMMANDS = 
  $ ./config.status 

on squeeze

config.status:1212: creating Makefile
config.status:1212: creating src/Makefile
config.status:1212: creating config/Makefile
config.status:1212: creating config/pstoedit.pc
config.status:1212: creating doc/Makefile
config.status:1212: creating m4/Makefile
config.status:1212: creating examples/Makefile
config.status:1212: creating contrib/Makefile
config.status:1212: creating contrib/cairo/Makefile
config.status:1212: creating contrib/java/Makefile
config.status:1212: creating contrib/java/java1/Makefile
config.status:1212: creating contrib/java/java2/Makefile
config.status:1212: creating misc/Makefile
config.status:1212: creating misc/swffonts/Makefile
config.status:1212: creating os2/Makefile
config.status:1212: creating msdev/Makefile
config.status:1212: creating othersrc/Makefile
config.status:1212: creating othersrc/gsdllinc/Makefile
config.status:1212: creating src/pstoedit_config.h
config.status:1393: src/pstoedit_config.h is unchanged
config.status:1441: executing depfiles commands
config.status:1441: executing libtool commands

## ---------------- ##
## Cache variables. ##
## ---------------- ##

ac_cv_build=i686-pc-linux
ac_cv_c_bigendian=no
ac_cv_c_compiler_gnu=yes
ac_cv_cxx_compiler_gnu=yes
ac_cv_env_CCC_set=
ac_cv_env_CCC_value=
ac_cv_env_CC_set=
ac_cv_env_CC_value=
ac_cv_env_CFLAGS_set=
ac_cv_env_CFLAGS_value=
ac_cv_env_CPPFLAGS_set=
ac_cv_env_CPPFLAGS_value=
ac_cv_env_CPP_set=
ac_cv_env_CPP_value=
ac_cv_env_CXXCPP_set=
ac_cv_env_CXXCPP_value=
ac_cv_env_CXXFLAGS_set=
ac_cv_env_CXXFLAGS_value=
ac_cv_env_CXX_set=
ac_cv_env_CXX_value=
ac_cv_env_LDFLAGS_set=
ac_cv_env_LDFLAGS_value=
ac_cv_env_LIBMAGICK_CFLAGS_set=
ac_cv_env_LIBMAGICK_CFLAGS_value=
ac_cv_env_LIBMAGICK_LIBS_set=
ac_cv_env_LIBMAGICK_LIBS_value=
ac_cv_env_LIBS_set=
ac_cv_env_LIBS_value=
ac_cv_env_PKG_CONFIG_LIBDIR_set=
ac_cv_env_PKG_CONFIG_LIBDIR_value=
ac_cv_env_PKG_CONFIG_PATH_set=
ac_cv_env_PKG_CONFIG_PATH_value=
ac_cv_env_PKG_CONFIG_set=
ac_cv_env_PKG_CONFIG_value=
ac_cv_env_YACC_set=
ac_cv_env_YACC_value=
ac_cv_env_YFLAGS_set=
ac_cv_env_YFLAGS_value=
ac_cv_env_build_alias_set=
ac_cv_env_build_alias_value=
ac_cv_env_host_alias_set=
ac_cv_env_host_alias_value=
ac_cv_env_target_alias_set=
ac_cv_env_target_alias_value=
ac_cv_header_dirent_dirent_h=yes
ac_cv_header_dlfcn_h=yes
ac_cv_header_emf_h=no
ac_cv_header_inttypes_h=yes
ac_cv_header_libEMF_emf_h=no
ac_cv_header_memory_h=yes
ac_cv_header_mingpp_h=no
ac_cv_header_plotter_h=no
ac_cv_header_stdc=yes
ac_cv_header_stdint_h=yes
ac_cv_header_stdlib_h=yes
ac_cv_header_string_h=yes
ac_cv_header_strings_h=yes
ac_cv_header_sys_stat_h=yes
ac_cv_header_sys_types_h=yes
ac_cv_header_unistd_h=yes
ac_cv_host=i686-pc-linux
ac_cv_lib_EMF_main=no
ac_cv_lib_dl_main=yes
ac_cv_lib_gd_gdImageCreateFromPng=no
ac_cv_lib_gpp_main=no
ac_cv_lib_ming_main=no
ac_cv_lib_plotter_main=no
ac_cv_lib_stdcpp_main=yes
ac_cv_objext=o
ac_cv_path_EGREP='/bin/grep -E'
ac_cv_path_FGREP='/bin/grep -F'
ac_cv_path_GREP=/bin/grep
ac_cv_path_GS=/usr/bin/gs
ac_cv_path_SED=/bin/sed
ac_cv_path_install='/usr/bin/install -c'
ac_cv_path_mkdir=/bin/mkdir
ac_cv_prog_AWK=mawk
ac_cv_prog_CPP='gcc -E'
ac_cv_prog_CXXCPP='g++ -E'
ac_cv_prog_ac_ct_AR=ar
ac_cv_prog_ac_ct_CC=gcc
ac_cv_prog_ac_ct_CXX=g++
ac_cv_prog_ac_ct_DLLTOOL=dlltool
ac_cv_prog_ac_ct_MANIFEST_TOOL=mt
ac_cv_prog_ac_ct_OBJDUMP=objdump
ac_cv_prog_ac_ct_RANLIB=ranlib
ac_cv_prog_ac_ct_STRIP=strip
ac_cv_prog_cc_c89=
ac_cv_prog_cc_g=yes
ac_cv_prog_cxx_g=yes
ac_cv_prog_make_make_set=yes
ac_cv_search_opendir='none required'
am_cv_CC_dependencies_compiler_type=gcc3
am_cv_CXX_dependencies_compiler_type=gcc3
lt_cv_ar_at_file=@
lt_cv_archive_cmds_need_lc=no
lt_cv_deplibs_check_method=pass_all
lt_cv_file_magic_cmd='$MAGIC_CMD'
lt_cv_file_magic_test_file=
lt_cv_ld_reload_flag=-r
lt_cv_nm_interface='BSD nm'
lt_cv_objdir=.libs
lt_cv_path_LD=/usr/bin/ld
lt_cv_path_LDCXX=/usr/bin/ld
lt_cv_path_NM='/usr/bin/nm -B'
lt_cv_path_mainfest_tool=no
lt_cv_prog_compiler_c_o=yes
lt_cv_prog_compiler_c_o_CXX=yes
lt_cv_prog_compiler_pic='-fPIC -DPIC'
lt_cv_prog_compiler_pic_CXX='-fPIC -DPIC'
lt_cv_prog_compiler_pic_works=yes
lt_cv_prog_compiler_pic_works_CXX=yes
lt_cv_prog_compiler_rtti_exceptions=no
lt_cv_prog_compiler_static_works=yes
lt_cv_prog_compiler_static_works_CXX=yes
lt_cv_prog_gnu_ld=yes
lt_cv_prog_gnu_ldcxx=yes
lt_cv_sharedlib_from_linklib_cmd='printf %s\n'
lt_cv_shlibpath_overrides_runpath=no
lt_cv_sys_global_symbol_pipe='sed -n -e '\''s/^.*[	 ]\([ABCDGIRSTW][ABCDGIRSTW]*\)[	 ][	 ]*\([_A-Za-z][_A-Za-z0-9]*\)$/\1 \2 \2/p'\'' | sed '\''/ __gnu_lto/d'\'''
lt_cv_sys_global_symbol_to_c_name_address='sed -n -e '\''s/^: \([^ ]*\)[ ]*$/  {\"\1\", (void *) 0},/p'\'' -e '\''s/^[ABCDGIRSTW]* \([^ ]*\) \([^ ]*\)$/  {"\2", (void *) \&\2},/p'\'''
lt_cv_sys_global_symbol_to_c_name_address_lib_prefix='sed -n -e '\''s/^: \([^ ]*\)[ ]*$/  {\"\1\", (void *) 0},/p'\'' -e '\''s/^[ABCDGIRSTW]* \([^ ]*\) \(lib[^ ]*\)$/  {"\2", (void *) \&\2},/p'\'' -e '\''s/^[ABCDGIRSTW]* \([^ ]*\) \([^ ]*\)$/  {"lib\2", (void *) \&\2},/p'\'''
lt_cv_sys_global_symbol_to_cdecl='sed -n -e '\''s/^T .* \(.*\)$/extern int \1();/p'\'' -e '\''s/^[ABCDGIRSTW]* .* \(.*\)$/extern char \1;/p'\'''
lt_cv_sys_max_cmd_len=1572864
lt_cv_to_host_file_cmd=func_convert_file_noop
lt_cv_to_tool_file_cmd=func_convert_file_noop

## ----------------- ##
## Output variables. ##
## ----------------- ##

ACLOCAL='${SHELL} /home/amran/src/pstoedit/missing --run aclocal-1.10'
AMDEPBACKSLASH='\'
AMDEP_FALSE='#'
AMDEP_TRUE=''
AMTAR='${SHELL} /home/amran/src/pstoedit/missing --run tar'
AR='ar'
AS='as'
AUTOCONF='${SHELL} /home/amran/src/pstoedit/missing --run autoconf'
AUTOHEADER='${SHELL} /home/amran/src/pstoedit/missing --run autoheader'
AUTOMAKE='${SHELL} /home/amran/src/pstoedit/missing --run automake-1.10'
AWK='mawk'
CC='gcc'
CCDEPMODE='depmode=gcc3'
CFLAGS='-g -O2'
CPP='gcc -E'
CPPFLAGS=' -D_LITTLE_ENDIAN'
CXX='g++'
CXXCPP='g++ -E'
CXXDEPMODE='depmode=gcc3'
CXXFLAGS='-g -O2 -DINTERNALBOOL'
CXX_RUNTIME_LIB=''
CXX_STD_LIB='-lstdc++'
CYGPATH_W='echo'
DEFS='-DHAVE_CONFIG_H'
DEPDIR='.deps'
DLLTOOL='dlltool'
DSYMUTIL=''
DUMPBIN=''
ECHO_C=''
ECHO_N='-n'
ECHO_T=''
EGREP='/bin/grep -E'
EXEEXT=''
FGREP='/bin/grep -F'
GREP='/bin/grep'
GS='/usr/bin/gs'
HAVE_LIBEMF_FALSE=''
HAVE_LIBEMF_TRUE='#'
HAVE_LIBMAGICK_FALSE=''
HAVE_LIBMAGICK_TRUE='#'
HAVE_LIBMING_FALSE=''
HAVE_LIBMING_TRUE='#'
HAVE_LIBPLOTTER_FALSE=''
HAVE_LIBPLOTTER_TRUE='#'
HAVE_LIBPNG_FALSE=''
HAVE_LIBPNG_TRUE='#'
HAVE_PLUGINSRC_FALSE=''
HAVE_PLUGINSRC_TRUE='#'
INSTALL_DATA='${INSTALL} -m 644'
INSTALL_PROGRAM='${INSTALL}'
INSTALL_SCRIPT='${INSTALL}'
INSTALL_STRIP_PROGRAM='$(install_sh) -c -s'
LD='/usr/bin/ld'
LDFLAGS=''
LDLIBS=''
LIBEMF_CFLAGS=''
LIBEMF_LDFLAGS=''
LIBLD_LDFLAGS='-ldl'
LIBMAGICK_CFLAGS=''
LIBMAGICK_LDFLAGS=''
LIBMAGICK_LIBS=''
LIBMING_CFLAGS=''
LIBMING_LDFLAGS=''
LIBOBJS=''
LIBPLOTTER_CFLAGS=''
LIBPLOTTER_LDFLAGS=''
LIBPNG_CFLAGS=''
LIBPNG_LDFLAGS=''
LIBS=''
LIBTOOL='$(SHELL) $(top_builddir)/libtool'
LINK=''
LIPO=''
LN_S='ln -s'
LTLIBOBJS=''
MAGICK_CONFIG=''
MAINT='#'
MAINTAINER_MODE_FALSE=''
MAINTAINER_MODE_TRUE='#'
MAKEINFO='${SHELL} /home/amran/src/pstoedit/missing --run makeinfo'
MANIFEST_TOOL=':'
MKDIR_P='/bin/mkdir -p'
MKSTEMP_CFLAGS='-DHAVE_MKSTEMP'
NM='/usr/bin/nm -B'
NMEDIT=''
OBJDUMP='objdump'
OBJEXT='o'
OTOOL64=''
OTOOL=''
PACKAGE='pstoedit'
PACKAGE_BUGREPORT='wglunz35_AT_pstoedit.net'
PACKAGE_NAME='pstoedit'
PACKAGE_STRING='pstoedit 3.61beta'
PACKAGE_TARNAME='pstoedit'
PACKAGE_URL=''
PACKAGE_VERSION='3.61beta'
PATH_SEPARATOR=':'
PKG_CONFIG=''
PKG_CONFIG_LIBDIR=''
PKG_CONFIG_PATH=''
RANLIB='ranlib'
SED='/bin/sed'
SET_MAKE=''
SHELL='/bin/bash'
SPECIAL_CXXFLAGS='-DBUGGYGPP -pedantic -Wall -Wwrite-strings -Wcast-qual -Wpointer-arith -Wno-long-long '
STRIP='strip'
USE_EMFBYSOURCE_FALSE=''
USE_EMFBYSOURCE_TRUE='#'
VERSION='3.61beta'
YACC='yacc'
YFLAGS=''
ac_ct_AR='ar'
ac_ct_CC='gcc'
ac_ct_CXX='g++'
ac_ct_DUMPBIN=''
am__fastdepCC_FALSE='#'
am__fastdepCC_TRUE=''
am__fastdepCXX_FALSE='#'
am__fastdepCXX_TRUE=''
am__include='include'
am__isrc=''
am__leading_dot='.'
am__quote=''
am__tar='${AMTAR} chof - "$$tardir"'
am__untar='${AMTAR} xf -'
bindir='${exec_prefix}/bin'
build='i686-pc-linux'
build_alias=''
build_cpu='i686'
build_os='linux'
build_vendor='pc'
datadir='${datarootdir}'
datarootdir='${prefix}/share'
docdir='${datarootdir}/doc/${PACKAGE_TARNAME}'
dvidir='${docdir}'
exec_prefix='${prefix}'
host='i686-pc-linux'
host_alias=''
host_cpu='i686'
host_os='linux'
host_vendor='pc'
htmldir='${docdir}'
includedir='${prefix}/include'
infodir='${datarootdir}/info'
install_sh='$(SHELL) /home/amran/src/pstoedit/install-sh'
libdir='${exec_prefix}/lib'
libexecdir='${exec_prefix}/libexec'
localedir='${datarootdir}/locale'
localstatedir='${prefix}/var'
mandir='${datarootdir}/man'
mkdir_p='/bin/mkdir -p'
oldincludedir='/usr/include'
pdfdir='${docdir}'
prefix='/usr/local'
program_transform_name='s,x,x,'
psdir='${docdir}'
sbindir='${exec_prefix}/sbin'
sharedstatedir='${prefix}/com'
subdirs=' libEMF-1.0'
sysconfdir='${prefix}/etc'
target_alias=''

## ----------- ##
## confdefs.h. ##
## ----------- ##

/* confdefs.h */
#define PACKAGE_NAME "pstoedit"
#define PACKAGE_TARNAME "pstoedit"
#define PACKAGE_VERSION "3.61beta"
#define PACKAGE_STRING "pstoedit 3.61beta"
#define PACKAGE_BUGREPORT "wglunz35_AT_pstoedit.net"
#define PACKAGE_URL ""
#define PACKAGE "pstoedit"
#define VERSION "3.61beta"
#define STDC_HEADERS 1
#define HAVE_SYS_TYPES_H 1
#define HAVE_SYS_STAT_H 1
#define HAVE_STDLIB_H 1
#define HAVE_STRING_H 1
#define HAVE_MEMORY_H 1
#define HAVE_STRINGS_H 1
#define HAVE_INTTYPES_H 1
#define HAVE_STDINT_H 1
#define HAVE_UNISTD_H 1
#define HAVE_DLFCN_H 1
#define LT_OBJDIR ".libs/"
#define HAVE_DIRENT_H 1

configure: exit 0
